<?xml version="1.0" encoding="UTF-8"?>
<testng-results ignored="0" total="1" passed="1" failed="0" skipped="0">
  <reporter-output>
  </reporter-output>
  <suite started-at="2023-08-17T15:47:12 IST" name="Default suite" finished-at="2023-08-17T15:47:25 IST" duration-ms="13391">
    <groups>
    </groups>
    <test started-at="2023-08-17T15:47:12 IST" name="Default test" finished-at="2023-08-17T15:47:25 IST" duration-ms="13391">
      <class name="demo.NewTest">
        <test-method is-config="true" signature="testSetup()[pri:0, instance:demo.NewTest@663c9e7a]" started-at="2023-08-17T15:47:12 IST" name="testSetup" finished-at="2023-08-17T15:47:15 IST" duration-ms="2967" status="PASS">
          <reporter-output>
          </reporter-output>
        </test-method> <!-- testSetup -->
        <test-method is-config="true" signature="openBrowser()[pri:0, instance:demo.NewTest@663c9e7a]" started-at="2023-08-17T15:47:15 IST" name="openBrowser" finished-at="2023-08-17T15:47:18 IST" duration-ms="2714" status="PASS">
          <reporter-output>
          </reporter-output>
        </test-method> <!-- openBrowser -->
        <test-method signature="signUp()[pri:0, instance:demo.NewTest@663c9e7a]" started-at="2023-08-17T15:47:18 IST" name="signUp" finished-at="2023-08-17T15:47:25 IST" duration-ms="7311" status="PASS">
          <reporter-output>
          </reporter-output>
        </test-method> <!-- signUp -->
        <test-method is-config="true" signature="postSignUp()[pri:0, instance:demo.NewTest@663c9e7a]" started-at="2023-08-17T15:47:25 IST" name="postSignUp" finished-at="2023-08-17T15:47:25 IST" duration-ms="18" status="PASS">
          <reporter-output>
          </reporter-output>
        </test-method> <!-- postSignUp -->
        <test-method is-config="true" signature="afterClass()[pri:0, instance:demo.NewTest@663c9e7a]" started-at="2023-08-17T15:47:25 IST" name="afterClass" finished-at="2023-08-17T15:47:25 IST" duration-ms="293" status="PASS">
          <reporter-output>
          </reporter-output>
        </test-method> <!-- afterClass -->
      </class> <!-- demo.NewTest -->
    </test> <!-- Default test -->
  </suite> <!-- Default suite -->
</testng-results>
